#
# A fatal error has been detected by the Java Runtime Environment:
#
#  EXCEPTION_ACCESS_VIOLATION (0xc0000005) at pc=0x00000000, pid=3012, tid=1396
#
# JRE version: 6.0_18-b07
# Java VM: Java HotSpot(TM) Client VM (16.0-b13 mixed mode, sharing windows-x86 )
# Problematic frame:
# C  0x00000000
#
# If you would like to submit a bug report, please visit:
#   http://java.sun.com/webapps/bugreport/crash.jsp
#

---------------  T H R E A D  ---------------

Current thread (0x02e6a400):  VMThread [stack: 0x02f50000,0x02fa0000] [id=1396]

siginfo: ExceptionCode=0xc0000005, reading address 0x00000000

Registers:
EAX=0x28b80068, EBX=0x02f9fa64, ECX=0x28b80070, EDX=0x0044b700
ESP=0x02f9f97c, EBP=0x02f9f998, ESI=0x24c58588, EDI=0x24c5bc78
EIP=0x00000000, EFLAGS=0x00010283

Top of Stack: (sp=0x02f9f97c)
0x02f9f97c:   6da5efb8 24c58588 02f9fa64 002acbc8
0x02f9f98c:   02f9fa64 002a3eec 002accd8 02f9f9ac
0x02f9f99c:   6d97e751 02f9fa64 002a3e98 00000001
0x02f9f9ac:   02f9f9c4 6d978575 02f9fa64 00000000
0x02f9f9bc:   002a3e98 02f9fa4c 02f9fabc 6d953097
0x02f9f9cc:   00000000 02f9fa8c 02f9fa64 002aaca0
0x02f9f9dc:   6d954444 002a3ee8 002a3e98 02e612c0
0x02f9f9ec:   00010100 00000000 00000000 00000000 

Instructions: (pc=0x00000000)
0xfffffff0:   


Stack: [0x02f50000,0x02fa0000],  sp=0x02f9f97c,  free space=13e02f9f4f0k
VM_Operation (0x00cbf394): GenCollectForAllocation, mode: safepoint, requested by thread 0x002a7000


---------------  P R O C E S S  ---------------

Java Threads: ( => current thread )
  0x02e7e400 JavaThread "Low Memory Detector" daemon [_thread_blocked, id=2972, stack(0x03ff0000,0x043f0000)]
  0x02e77c00 JavaThread "CompilerThread0" daemon [_thread_blocked, id=2968, stack(0x03fa0000,0x03ff0000)]
  0x02e76400 JavaThread "Attach Listener" daemon [_thread_blocked, id=2652, stack(0x03ba0000,0x03fa0000)]
  0x02e74c00 JavaThread "Signal Dispatcher" daemon [_thread_blocked, id=2476, stack(0x037a0000,0x03ba0000)]
  0x02e70400 JavaThread "Finalizer" daemon [_thread_blocked, id=1828, stack(0x033a0000,0x037a0000)]
  0x02e6bc00 JavaThread "Reference Handler" daemon [_thread_blocked, id=500, stack(0x02fa0000,0x033a0000)]
  0x002a7000 JavaThread "main" [_thread_blocked, id=1704, stack(0x008c0000,0x00cc0000)]

Other Threads:
=>0x02e6a400 VMThread [stack: 0x02f50000,0x02fa0000] [id=1396]
  0x02e80400 WatcherThread [stack: 0x043f0000,0x04440000] [id=2472]

VM state:at safepoint (normal execution)

VM Mutex/Monitor currently owned by a thread:  ([mutex/lock_event])
[0x002a5f68] Threads_lock - owner thread: 0x02e6a400
[0x002a6378] Heap_lock - owner thread: 0x002a7000

Heap
 def new generation   total 3712K, used 3712K [0x22970000, 0x22d70000, 0x24970000)
  eden space 3328K, 100% used [0x22970000, 0x22cb0000, 0x22cb0000)
  from space 384K, 100% used [0x22cb0000, 0x22d10000, 0x22d10000)
  to   space 384K,  99% used [0x22d10000, 0x22d6fff8, 0x22d70000)
 tenured generation   total 4096K, used 2994K [0x24970000, 0x24d70000, 0x28970000)
   the space 4096K,  73% used [0x24970000, 0x24c5c950, 0x24c5ca00, 0x24d70000)
 compacting perm gen  total 12288K, used 2180K [0x28970000, 0x29570000, 0x2c970000)
   the space 12288K,  17% used [0x28970000, 0x28b91358, 0x28b91400, 0x29570000)
    ro space 10240K,  54% used [0x2c970000, 0x2cee8290, 0x2cee8400, 0x2d370000)
    rw space 12288K,  55% used [0x2d370000, 0x2da0d1c0, 0x2da0d200, 0x2df70000)

Dynamic libraries:
0x00400000 - 0x0040a000 	C:\Program Files\Java\jdk1.6.0_18\bin\javac.exe
0x7c900000 - 0x7c9b0000 	C:\WINDOWS\system32\ntdll.dll
0x7c800000 - 0x7c8f4000 	C:\WINDOWS\system32\kernel32.dll
0x6d010000 - 0x6d025000 	C:\Program Files\Java\jdk1.6.0_18\bin\jli.dll
0x77dd0000 - 0x77e6b000 	C:\WINDOWS\system32\ADVAPI32.dll
0x77e70000 - 0x77f01000 	C:\WINDOWS\system32\RPCRT4.dll
0x7c340000 - 0x7c396000 	C:\Program Files\Java\jdk1.6.0_18\bin\MSVCR71.dll
0x002b0000 - 0x00306000 	C:\Program Files\Java\jdk1.6.0_18\jre\bin\msvcr71.dll
0x6d8b0000 - 0x6db47000 	C:\Program Files\Java\jdk1.6.0_18\jre\bin\client\jvm.dll
0x77d40000 - 0x77dd0000 	C:\WINDOWS\system32\USER32.dll
0x77f10000 - 0x77f56000 	C:\WINDOWS\system32\GDI32.dll
0x76b40000 - 0x76b6d000 	C:\WINDOWS\system32\WINMM.dll
0x6d860000 - 0x6d86c000 	C:\Program Files\Java\jdk1.6.0_18\jre\bin\verify.dll
0x6d3e0000 - 0x6d3ff000 	C:\Program Files\Java\jdk1.6.0_18\jre\bin\java.dll
0x6d340000 - 0x6d348000 	C:\Program Files\Java\jdk1.6.0_18\jre\bin\hpi.dll
0x76bf0000 - 0x76bfb000 	C:\WINDOWS\system32\PSAPI.DLL
0x6d8a0000 - 0x6d8af000 	C:\Program Files\Java\jdk1.6.0_18\jre\bin\zip.dll

VM Arguments:
jvm_args: -Denv.class.path=.;.;C:\PROGRA~1\JMF21~1.1E\lib\sound.jar;C:\PROGRA~1\JMF21~1.1E\lib\jmf.jar;C:\PROGRA~1\JMF21~1.1E\lib; -Dapplication.home=C:\Program Files\Java\jdk1.6.0_18 -Xms8m -Xss4m -ea:com.sun.tools... 
java_command: com.sun.tools.javac.Main pravin2.java
Launcher Type: SUN_STANDARD

Environment Variables:
CLASSPATH=.;.;C:\PROGRA~1\JMF21~1.1E\lib\sound.jar;C:\PROGRA~1\JMF21~1.1E\lib\jmf.jar;C:\PROGRA~1\JMF21~1.1E\lib;
PATH=C:\WINDOWS\system32;C:\WINDOWS;C:\WINDOWS\System32\Wbem;C:\Program Files\Java\jdk1.6.0_18\bin;C:\TC\BIN;C:\Program Files\Samsung\Samsung PC Studio 3\
USERNAME=Pravin
OS=Windows_NT
PROCESSOR_IDENTIFIER=x86 Family 6 Model 8 Stepping 10, GenuineIntel



---------------  S Y S T E M  ---------------

OS: Windows XP Build 2600 Service Pack 2

CPU:total 1 (1 cores per cpu, 1 threads per core) family 6 model 8 stepping 10, cmov, cx8, fxsr, mmx, sse

Memory: 4k page, physical 260656k(77620k free), swap 639948k(440168k free)

vm_info: Java HotSpot(TM) Client VM (16.0-b13) for windows-x86 JRE (1.6.0_18-b07), built on Dec 17 2009 13:35:55 by "java_re" with MS VC++ 7.1 (VS2003)

time: Tue Oct 05 20:07:57 2010
elapsed time: 2 seconds

