#
# A fatal error has been detected by the Java Runtime Environment:
#
#  EXCEPTION_ACCESS_VIOLATION (0xc0000005) at pc=0x6da0df87, pid=544, tid=728
#
# JRE version: 6.0_18-b07
# Java VM: Java HotSpot(TM) Client VM (16.0-b13 mixed mode, sharing windows-x86 )
# Problematic frame:
# V  [jvm.dll+0x15df87]
#
# If you would like to submit a bug report, please visit:
#   http://java.sun.com/webapps/bugreport/crash.jsp
#

---------------  T H R E A D  ---------------

Current thread (0x02e6a400):  VMThread [stack: 0x02f50000,0x02fa0000] [id=728]

siginfo: ExceptionCode=0xc0000005, reading address 0x00000060

Registers:
EAX=0x28988bc0, EBX=0x002a3e20, ECX=0x2d9900c0, EDX=0x00000000
ESP=0x02f9fb88, EBP=0x02f9fb94, ESI=0x2d9964e0, EDI=0x6db04aec
EIP=0x6da0df87, EFLAGS=0x00010216

Top of Stack: (sp=0x02f9fb88)
0x02f9fb88:   28988bc0 6da0e222 6db04aec 02f9fba8
0x02f9fb98:   6da91e14 6db1ca00 6db04aec 002a3e20
0x02f9fba8:   02f9fbc4 6da51aad 6db04aec 00000000
0x02f9fbb8:   6db04aec 6db04aec 002a3e20 02f9fbe8
0x02f9fbc8:   6d97834f 00000001 00000002 6db04aec
0x02f9fbd8:   6db04aec 00000001 002a3e20 00000000
0x02f9fbe8:   02f9fc30 6d97a01c 00000001 00000000
0x02f9fbf8:   00000001 00000002 6db04aec 6db04aec 

Instructions: (pc=0x6da0df87)
0x6da0df77:   08 8b 08 8b 04 8a 8b 48 04 8b 51 08 83 c1 08 50
0x6da0df87:   ff 52 60 a1 60 06 b1 6d 83 38 00 75 dc c3 cc cc 


Stack: [0x02f50000,0x02fa0000],  sp=0x02f9fb88,  free space=13e02f9f6fck
Native frames: (J=compiled Java code, j=interpreted, Vv=VM code, C=native code)
V  [jvm.dll+0x15df87]
V  [jvm.dll+0x1e1e14]
V  [jvm.dll+0x1a1aad]
V  [jvm.dll+0xc834f]
V  [jvm.dll+0xca01c]
V  [jvm.dll+0xca370]
V  [jvm.dll+0xce42a]
V  [jvm.dll+0x1d8592]
V  [jvm.dll+0xc9398]
V  [jvm.dll+0x7e7cb]
V  [jvm.dll+0x1f442b]
V  [jvm.dll+0x1f6ed3]
V  [jvm.dll+0x1f615e]
V  [jvm.dll+0x1f64ac]
V  [jvm.dll+0x1f68d2]
V  [jvm.dll+0x17f9cc]
C  [MSVCR71.dll+0x9565]
C  [kernel32.dll+0xb50b]

VM_Operation (0x00cbf52c): GenCollectForAllocation, mode: safepoint, requested by thread 0x002a7000


---------------  P R O C E S S  ---------------

Java Threads: ( => current thread )
  0x02e7e400 JavaThread "Low Memory Detector" daemon [_thread_blocked, id=796, stack(0x03ff0000,0x043f0000)]
  0x02e77c00 JavaThread "CompilerThread0" daemon [_thread_blocked, id=792, stack(0x03fa0000,0x03ff0000)]
  0x02e76400 JavaThread "Attach Listener" daemon [_thread_blocked, id=788, stack(0x03ba0000,0x03fa0000)]
  0x02e75000 JavaThread "Signal Dispatcher" daemon [_thread_blocked, id=736, stack(0x037a0000,0x03ba0000)]
  0x02e70400 JavaThread "Finalizer" daemon [_thread_blocked, id=116, stack(0x033a0000,0x037a0000)]
  0x02e6b800 JavaThread "Reference Handler" daemon [_thread_blocked, id=732, stack(0x02fa0000,0x033a0000)]
  0x002a7000 JavaThread "main" [_thread_blocked, id=628, stack(0x008c0000,0x00cc0000)]

Other Threads:
=>0x02e6a400 VMThread [stack: 0x02f50000,0x02fa0000] [id=728]
  0x02e80400 WatcherThread [stack: 0x043f0000,0x04440000] [id=800]

VM state:at safepoint (normal execution)

VM Mutex/Monitor currently owned by a thread:  ([mutex/lock_event])
[0x002a5ec0] Threads_lock - owner thread: 0x02e6a400
[0x002a62d0] Heap_lock - owner thread: 0x002a7000

Heap
 def new generation   total 3712K, used 384K [0x22970000, 0x22d70000, 0x24970000)
  eden space 3328K,   0% used [0x22970000, 0x22970000, 0x22cb0000)
  from space 384K, 100% used [0x22cb0000, 0x22d10000, 0x22d10000)
  to   space 384K,   0% used [0x22d10000, 0x22d10000, 0x22d70000)
 tenured generation   total 4864K, used 4852K [0x24970000, 0x24e30000, 0x28970000)
   the space 4864K,  99% used [0x24970000, 0x24e2d208, 0x24e2d400, 0x24e30000)
 compacting perm gen  total 12288K, used 2228K [0x28970000, 0x29570000, 0x2c970000)
   the space 12288K,  18% used [0x28970000, 0x28b9d280, 0x28b9d400, 0x29570000)
    ro space 10240K,  54% used [0x2c970000, 0x2cee8290, 0x2cee8400, 0x2d370000)
    rw space 12288K,  55% used [0x2d370000, 0x2da0d1c0, 0x2da0d200, 0x2df70000)

Dynamic libraries:
0x00400000 - 0x0040a000 	E:\Program Files\Java\jdk1.6.0_18\bin\javac.exe
0x7c900000 - 0x7c9b0000 	E:\WINDOWS\system32\ntdll.dll
0x7c800000 - 0x7c8f4000 	E:\WINDOWS\system32\kernel32.dll
0x6d010000 - 0x6d025000 	E:\Program Files\Java\jdk1.6.0_18\bin\jli.dll
0x77dd0000 - 0x77e6b000 	E:\WINDOWS\system32\ADVAPI32.dll
0x77e70000 - 0x77f01000 	E:\WINDOWS\system32\RPCRT4.dll
0x7c340000 - 0x7c396000 	E:\Program Files\Java\jdk1.6.0_18\bin\MSVCR71.dll
0x002b0000 - 0x00306000 	E:\Program Files\Java\jdk1.6.0_18\jre\bin\msvcr71.dll
0x6d8b0000 - 0x6db47000 	E:\Program Files\Java\jdk1.6.0_18\jre\bin\client\jvm.dll
0x77d40000 - 0x77dd0000 	E:\WINDOWS\system32\USER32.dll
0x77f10000 - 0x77f56000 	E:\WINDOWS\system32\GDI32.dll
0x76b40000 - 0x76b6d000 	E:\WINDOWS\system32\WINMM.dll
0x6d860000 - 0x6d86c000 	E:\Program Files\Java\jdk1.6.0_18\jre\bin\verify.dll
0x6d3e0000 - 0x6d3ff000 	E:\Program Files\Java\jdk1.6.0_18\jre\bin\java.dll
0x6d340000 - 0x6d348000 	E:\Program Files\Java\jdk1.6.0_18\jre\bin\hpi.dll
0x76bf0000 - 0x76bfb000 	E:\WINDOWS\system32\PSAPI.DLL
0x6d8a0000 - 0x6d8af000 	E:\Program Files\Java\jdk1.6.0_18\jre\bin\zip.dll

VM Arguments:
jvm_args: -Denv.class.path=.;.;E:\PROGRA~1\JMF21~1.1E\lib\sound.jar;E:\PROGRA~1\JMF21~1.1E\lib\jmf.jar;E:\PROGRA~1\JMF21~1.1E\lib; -Dapplication.home=E:\Program Files\Java\jdk1.6.0_18 -Xms8m -Xss4m -ea:com.sun.tools... 
java_command: com.sun.tools.javac.Main Scanner.java
Launcher Type: SUN_STANDARD

Environment Variables:
CLASSPATH=.;.;E:\PROGRA~1\JMF21~1.1E\lib\sound.jar;E:\PROGRA~1\JMF21~1.1E\lib\jmf.jar;E:\PROGRA~1\JMF21~1.1E\lib;
PATH=E:\WINDOWS\system32;E:\WINDOWS;E:\WINDOWS\System32\Wbem;E:\Program Files\Java\jdk1.6.0_18\bin
USERNAME=Pravin
OS=Windows_NT
PROCESSOR_IDENTIFIER=x86 Family 6 Model 8 Stepping 10, GenuineIntel



---------------  S Y S T E M  ---------------

OS: Windows XP Build 2600 Service Pack 2

CPU:total 1 (1 cores per cpu, 1 threads per core) family 6 model 8 stepping 10, cmov, cx8, fxsr, mmx, sse

Memory: 4k page, physical 260656k(91856k free), swap 640588k(487224k free)

vm_info: Java HotSpot(TM) Client VM (16.0-b13) for windows-x86 JRE (1.6.0_18-b07), built on Dec 17 2009 13:35:55 by "java_re" with MS VC++ 7.1 (VS2003)

time: Mon Dec 20 04:23:28 2010
elapsed time: 2 seconds

